This is pdfTeX, Version 3.141592653-2.6-1.40.24 (TeX Live 2022) (preloaded format=pdflatex 2022.11.3)  10 NOV 2022 19:30
entering extended mode
 restricted \write18 enabled.
 %&-line parsing enabled.
**HSB_results.tex
(./HSB_results.tex
LaTeX2e <2022-11-01>
L3 programming layer <2022-11-02>
(/usr/local/texlive/2022/texmf-dist/tex/latex/base/article.cls
Document Class: article 2022/07/02 v1.4n Standard LaTeX document class
(/usr/local/texlive/2022/texmf-dist/tex/latex/base/size12.clo
File: size12.clo 2022/07/02 v1.4n Standard LaTeX file (size option)
)
\c@part=\count185
\c@section=\count186
\c@subsection=\count187
\c@subsubsection=\count188
\c@paragraph=\count189
\c@subparagraph=\count190
\c@figure=\count191
\c@table=\count192
\abovecaptionskip=\skip47
\belowcaptionskip=\skip48
\bibindent=\dimen140
)
(/usr/local/texlive/2022/texmf-dist/tex/latex/graphics/graphicx.sty
Package: graphicx 2021/09/16 v1.2d Enhanced LaTeX Graphics (DPC,SPQR)

(/usr/local/texlive/2022/texmf-dist/tex/latex/graphics/keyval.sty
Package: keyval 2022/05/29 v1.15 key=value parser (DPC)
\KV@toks@=\toks16
)
(/usr/local/texlive/2022/texmf-dist/tex/latex/graphics/graphics.sty
Package: graphics 2022/03/10 v1.4e Standard LaTeX Graphics (DPC,SPQR)

(/usr/local/texlive/2022/texmf-dist/tex/latex/graphics/trig.sty
Package: trig 2021/08/11 v1.11 sin cos tan (DPC)
)
(/usr/local/texlive/2022/texmf-dist/tex/latex/graphics-cfg/graphics.cfg
File: graphics.cfg 2016/06/04 v1.11 sample graphics configuration
)
Package graphics Info: Driver file: pdftex.def on input line 107.

(/usr/local/texlive/2022/texmf-dist/tex/latex/graphics-def/pdftex.def
File: pdftex.def 2022/09/22 v1.2b Graphics/color driver for pdftex
))
\Gin@req@height=\dimen141
\Gin@req@width=\dimen142
)
(/usr/local/texlive/2022/texmf-dist/tex/latex/xcolor/xcolor.sty
Package: xcolor 2022/06/12 v2.14 LaTeX color extensions (UK)

(/usr/local/texlive/2022/texmf-dist/tex/latex/graphics-cfg/color.cfg
File: color.cfg 2016/01/02 v1.6 sample color configuration
)
Package xcolor Info: Driver file: pdftex.def on input line 227.

(/usr/local/texlive/2022/texmf-dist/tex/latex/graphics/mathcolor.ltx)
Package xcolor Info: Model `cmy' substituted by `cmy0' on input line 1353.
Package xcolor Info: Model `hsb' substituted by `rgb' on input line 1357.
Package xcolor Info: Model `RGB' extended on input line 1369.
Package xcolor Info: Model `HTML' substituted by `rgb' on input line 1371.
Package xcolor Info: Model `Hsb' substituted by `hsb' on input line 1372.
Package xcolor Info: Model `tHsb' substituted by `hsb' on input line 1373.
Package xcolor Info: Model `HSB' substituted by `hsb' on input line 1374.
Package xcolor Info: Model `Gray' substituted by `gray' on input line 1375.
Package xcolor Info: Model `wave' substituted by `hsb' on input line 1376.
)
(/usr/local/texlive/2022/texmf-dist/tex/latex/framed/framed.sty
Package: framed 2011/10/22 v 0.96: framed or shaded text with page breaks
\OuterFrameSep=\skip49
\fb@frw=\dimen143
\fb@frh=\dimen144
\FrameRule=\dimen145
\FrameSep=\dimen146
)
(/usr/local/texlive/2022/texmf-dist/tex/latex/base/alltt.sty
Package: alltt 2021/01/29 v2.0g defines alltt environment
)
(/usr/local/texlive/2022/texmf-dist/tex/latex/amsfonts/amsfonts.sty
Package: amsfonts 2013/01/14 v3.01 Basic AMSFonts support
\@emptytoks=\toks17
\symAMSa=\mathgroup4
\symAMSb=\mathgroup5
LaTeX Font Info:    Redeclaring math symbol \hbar on input line 98.
LaTeX Font Info:    Overwriting math alphabet `\mathfrak' in version `bold'
(Font)                  U/euf/m/n --> U/euf/b/n on input line 106.
)
(/usr/local/texlive/2022/texmf-dist/tex/latex/amsmath/amsmath.sty
Package: amsmath 2022/04/08 v2.17n AMS math features
\@mathmargin=\skip50

For additional information on amsmath, use the `?' option.
(/usr/local/texlive/2022/texmf-dist/tex/latex/amsmath/amstext.sty
Package: amstext 2021/08/26 v2.01 AMS text

(/usr/local/texlive/2022/texmf-dist/tex/latex/amsmath/amsgen.sty
File: amsgen.sty 1999/11/30 v2.0 generic functions
\@emptytoks=\toks18
\ex@=\dimen147
))
(/usr/local/texlive/2022/texmf-dist/tex/latex/amsmath/amsbsy.sty
Package: amsbsy 1999/11/29 v1.2d Bold Symbols
\pmbraise@=\dimen148
)
(/usr/local/texlive/2022/texmf-dist/tex/latex/amsmath/amsopn.sty
Package: amsopn 2022/04/08 v2.04 operator names
)
\inf@bad=\count193
LaTeX Info: Redefining \frac on input line 234.
\uproot@=\count194
\leftroot@=\count195
LaTeX Info: Redefining \overline on input line 399.
LaTeX Info: Redefining \colon on input line 410.
\classnum@=\count196
\DOTSCASE@=\count197
LaTeX Info: Redefining \ldots on input line 496.
LaTeX Info: Redefining \dots on input line 499.
LaTeX Info: Redefining \cdots on input line 620.
\Mathstrutbox@=\box51
\strutbox@=\box52
LaTeX Info: Redefining \big on input line 722.
LaTeX Info: Redefining \Big on input line 723.
LaTeX Info: Redefining \bigg on input line 724.
LaTeX Info: Redefining \Bigg on input line 725.
\big@size=\dimen149
LaTeX Font Info:    Redeclaring font encoding OML on input line 743.
LaTeX Font Info:    Redeclaring font encoding OMS on input line 744.
\macc@depth=\count198
LaTeX Info: Redefining \bmod on input line 905.
LaTeX Info: Redefining \pmod on input line 910.
LaTeX Info: Redefining \smash on input line 940.
LaTeX Info: Redefining \relbar on input line 970.
LaTeX Info: Redefining \Relbar on input line 971.
\c@MaxMatrixCols=\count199
\dotsspace@=\muskip16
\c@parentequation=\count266
\dspbrk@lvl=\count267
\tag@help=\toks19
\row@=\count268
\column@=\count269
\maxfields@=\count270
\andhelp@=\toks20
\eqnshift@=\dimen150
\alignsep@=\dimen151
\tagshift@=\dimen152
\tagwidth@=\dimen153
\totwidth@=\dimen154
\lineht@=\dimen155
\@envbody=\toks21
\multlinegap=\skip51
\multlinetaggap=\skip52
\mathdisplay@stack=\toks22
LaTeX Info: Redefining \[ on input line 2953.
LaTeX Info: Redefining \] on input line 2954.
)
(/usr/local/texlive/2022/texmf-dist/tex/latex/preprint/authblk.sty
Package: authblk 2001/02/27 1.3 (PWD)
\affilsep=\skip53
\@affilsep=\skip54
\c@Maxaffil=\count271
\c@authors=\count272
\c@affil=\count273
)
(/usr/local/texlive/2022/texmf-dist/tex/latex/booktabs/booktabs.sty
Package: booktabs 2020/01/12 v1.61803398 Publication quality tables
\heavyrulewidth=\dimen156
\lightrulewidth=\dimen157
\cmidrulewidth=\dimen158
\belowrulesep=\dimen159
\belowbottomsep=\dimen160
\aboverulesep=\dimen161
\abovetopsep=\dimen162
\cmidrulesep=\dimen163
\cmidrulekern=\dimen164
\defaultaddspace=\dimen165
\@cmidla=\count274
\@cmidlb=\count275
\@aboverulesep=\dimen166
\@belowrulesep=\dimen167
\@thisruleclass=\count276
\@lastruleclass=\count277
\@thisrulewidth=\dimen168
)
(/usr/local/texlive/2022/texmf-dist/tex/latex/eurosym/eurosym.sty
Package: eurosym 1998/08/06 v1.1 European currency symbol ``Euro''
\@eurobox=\box53
)
(/usr/local/texlive/2022/texmf-dist/tex/latex/caption/caption.sty
Package: caption 2022/03/01 v3.6b Customizing captions (AR)

(/usr/local/texlive/2022/texmf-dist/tex/latex/caption/caption3.sty
Package: caption3 2022/03/17 v2.3b caption3 kernel (AR)
\caption@tempdima=\dimen169
\captionmargin=\dimen170
\caption@leftmargin=\dimen171
\caption@rightmargin=\dimen172
\caption@width=\dimen173
\caption@indent=\dimen174
\caption@parindent=\dimen175
\caption@hangindent=\dimen176
Package caption Info: Standard document class detected.
)
Package caption Info: Option `figurename' requires the `newfloat' package on in
put line 169.

(/usr/local/texlive/2022/texmf-dist/tex/latex/newfloat/newfloat.sty
Package: newfloat 2019/09/02 v1.1l Defining new floating environments (AR)
)
\c@caption@flags=\count278
\c@continuedfloat=\count279
)
(/usr/local/texlive/2022/texmf-dist/tex/latex/chngcntr/chngcntr.sty
Package: chngcntr 2018/04/09 v1.1a change counter resetting
Package chngcntr Info: \counterwithout already defined.
(chngcntr)             Quitting chngcntr on input line 21.
)
(/usr/local/texlive/2022/texmf-dist/tex/latex/cancel/cancel.sty
Package: cancel 2013/04/12 v2.2 Cancel math terms
)
(/usr/local/texlive/2022/texmf-dist/tex/latex/enumitem/enumitem.sty
Package: enumitem 2019/06/20 v3.9 Customized lists
\labelindent=\skip55
\enit@outerparindent=\dimen177
\enit@toks=\toks23
\enit@inbox=\box54
\enit@count@id=\count280
\enitdp@description=\count281
)
(/usr/local/texlive/2022/texmf-dist/tex/latex/geometry/geometry.sty
Package: geometry 2020/01/02 v5.9 Page Geometry

(/usr/local/texlive/2022/texmf-dist/tex/generic/iftex/ifvtex.sty
Package: ifvtex 2019/10/25 v1.7 ifvtex legacy package. Use iftex instead.

(/usr/local/texlive/2022/texmf-dist/tex/generic/iftex/iftex.sty
Package: iftex 2022/02/03 v1.0f TeX engine tests
))
\Gm@cnth=\count282
\Gm@cntv=\count283
\c@Gm@tempcnt=\count284
\Gm@bindingoffset=\dimen178
\Gm@wd@mp=\dimen179
\Gm@odd@mp=\dimen180
\Gm@even@mp=\dimen181
\Gm@layoutwidth=\dimen182
\Gm@layoutheight=\dimen183
\Gm@layouthoffset=\dimen184
\Gm@layoutvoffset=\dimen185
\Gm@dimlist=\toks24
)
(/usr/local/texlive/2022/texmf-dist/tex/latex/lineno/lineno.sty
Package: lineno 2005/11/02 line numbers on paragraphs v4.41
\linenopenalty=\count285
\output=\toks25
\linenoprevgraf=\count286
\linenumbersep=\dimen186
\linenumberwidth=\dimen187
\c@linenumber=\count287
\c@pagewiselinenumber=\count288
\c@LN@truepage=\count289
\c@internallinenumber=\count290
\c@internallinenumbers=\count291
\quotelinenumbersep=\dimen188
\bframerule=\dimen189
\bframesep=\dimen190
\bframebox=\box55
LaTeX Info: Redefining \\ on input line 3056.
)
(/usr/local/texlive/2022/texmf-dist/tex/latex/tools/multicol.sty
Package: multicol 2021/11/30 v1.9d multicolumn formatting (FMi)
\c@tracingmulticols=\count292
\mult@box=\box56
\multicol@leftmargin=\dimen191
\c@unbalance=\count293
\c@collectmore=\count294
\doublecol@number=\count295
\multicoltolerance=\count296
\multicolpretolerance=\count297
\full@width=\dimen192
\page@free=\dimen193
\premulticols=\dimen194
\postmulticols=\dimen195
\multicolsep=\skip56
\multicolbaselineskip=\skip57
\partial@page=\box57
\last@line=\box58
\maxbalancingoverflow=\dimen196
\mult@rightbox=\box59
\mult@grightbox=\box60
\mult@firstbox=\box61
\mult@gfirstbox=\box62
\@tempa=\box63
\@tempa=\box64
\@tempa=\box65
\@tempa=\box66
\@tempa=\box67
\@tempa=\box68
\@tempa=\box69
\@tempa=\box70
\@tempa=\box71
\@tempa=\box72
\@tempa=\box73
\@tempa=\box74
\@tempa=\box75
\@tempa=\box76
\@tempa=\box77
\@tempa=\box78
\@tempa=\box79
\@tempa=\box80
\@tempa=\box81
\@tempa=\box82
\@tempa=\box83
\@tempa=\box84
\@tempa=\box85
\@tempa=\box86
\@tempa=\box87
\@tempa=\box88
\@tempa=\box89
\@tempa=\box90
\@tempa=\box91
\@tempa=\box92
\@tempa=\box93
\@tempa=\box94
\@tempa=\box95
\@tempa=\box96
\@tempa=\box97
\@tempa=\box98
\c@minrows=\count298
\c@columnbadness=\count299
\c@finalcolumnbadness=\count300
\last@try=\dimen197
\multicolovershoot=\dimen198
\multicolundershoot=\dimen199
\mult@nat@firstbox=\box99
\colbreak@box=\box100
\mc@col@check@num=\count301
)
(/usr/local/texlive/2022/texmf-dist/tex/latex/multirow/multirow.sty
Package: multirow 2021/03/15 v2.8 Span multiple rows of a table
\multirow@colwidth=\skip58
\multirow@cntb=\count302
\multirow@dima=\skip59
\bigstrutjot=\dimen256
)
(/usr/local/texlive/2022/texmf-dist/tex/latex/natbib/natbib.sty
Package: natbib 2010/09/13 8.31b (PWD, AO)
\bibhang=\skip60
\bibsep=\skip61
LaTeX Info: Redefining \cite on input line 694.
\c@NAT@ctr=\count303
)
(/usr/local/texlive/2022/texmf-dist/tex/latex/ncctools/nccmath.sty
Package: nccmath 2006/01/20 v1.3 Additional Math Commands (NCC)
\NCC@fracrulewidth=\dimen257
)
(/usr/local/texlive/2022/texmf-dist/tex/latex/sauerj/parcolumns.sty
Package: parcolumns 2004/11/25 v1.2 Typeset multiple parallel columns

(/usr/local/texlive/2022/texmf-dist/tex/latex/sauerj/processkv.sty
Package: processkv 2004/08/09 v1.0.1 process key=value lists
)
\pc@columnctr=\count304
\pc@columncount=\count305
\pc@everypar=\toks26
)
(/usr/local/texlive/2022/texmf-dist/tex/latex/pdflscape/pdflscape.sty
Package: pdflscape 2022-10-27 v0.13 Display of landscape pages in PDF

(/usr/local/texlive/2022/texmf-dist/tex/latex/pdflscape/pdflscape-nometadata.st
y
Package: pdflscape-nometadata 2022-10-28 v0.13 Display of landscape pages in PD
F (HO)
 (/usr/local/texlive/2022/texmf-dist/tex/latex/graphics/lscape.sty
Package: lscape 2020/05/28 v3.02 Landscape Pages (DPC)
)
Package pdflscape Info: Auto-detected driver: pdftex on input line 81.
))
(/usr/local/texlive/2022/texmf-dist/tex/latex/setspace/setspace.sty
Package: setspace 2011/12/19 v6.7a set line spacing
)
(/usr/local/texlive/2022/texmf-dist/tex/generic/soul/soul.sty
Package: soul 2003/11/17 v2.4 letterspacing/underlining (mf)
\SOUL@word=\toks27
\SOUL@lasttoken=\toks28
\SOUL@cmds=\toks29
\SOUL@buffer=\toks30
\SOUL@token=\toks31
\SOUL@spaceskip=\skip62
\SOUL@ttwidth=\dimen258
\SOUL@uldp=\dimen259
\SOUL@ulht=\dimen260
)
(/usr/local/texlive/2022/texmf-dist/tex/latex/tcolorbox/tcolorbox.sty
Package: tcolorbox 2022/06/24 version 5.1.1 text color boxes

(/usr/local/texlive/2022/texmf-dist/tex/latex/pgf/basiclayer/pgf.sty
(/usr/local/texlive/2022/texmf-dist/tex/latex/pgf/utilities/pgfrcs.sty
(/usr/local/texlive/2022/texmf-dist/tex/generic/pgf/utilities/pgfutil-common.te
x
\pgfutil@everybye=\toks32
\pgfutil@tempdima=\dimen261
\pgfutil@tempdimb=\dimen262

(/usr/local/texlive/2022/texmf-dist/tex/generic/pgf/utilities/pgfutil-common-li
sts.tex))
(/usr/local/texlive/2022/texmf-dist/tex/generic/pgf/utilities/pgfutil-latex.def
\pgfutil@abb=\box101
) (/usr/local/texlive/2022/texmf-dist/tex/generic/pgf/utilities/pgfrcs.code.tex
(/usr/local/texlive/2022/texmf-dist/tex/generic/pgf/pgf.revision.tex)
Package: pgfrcs 2021/05/15 v3.1.9a (3.1.9a)
))
Package: pgf 2021/05/15 v3.1.9a (3.1.9a)

(/usr/local/texlive/2022/texmf-dist/tex/latex/pgf/basiclayer/pgfcore.sty
(/usr/local/texlive/2022/texmf-dist/tex/latex/pgf/systemlayer/pgfsys.sty
(/usr/local/texlive/2022/texmf-dist/tex/generic/pgf/systemlayer/pgfsys.code.tex
Package: pgfsys 2021/05/15 v3.1.9a (3.1.9a)
(/usr/local/texlive/2022/texmf-dist/tex/generic/pgf/utilities/pgfkeys.code.tex
\pgfkeys@pathtoks=\toks33
\pgfkeys@temptoks=\toks34

(/usr/local/texlive/2022/texmf-dist/tex/generic/pgf/utilities/pgfkeysfiltered.c
ode.tex
\pgfkeys@tmptoks=\toks35
))
\pgf@x=\dimen263
\pgf@y=\dimen264
\pgf@xa=\dimen265
\pgf@ya=\dimen266
\pgf@xb=\dimen267
\pgf@yb=\dimen268
\pgf@xc=\dimen269
\pgf@yc=\dimen270
\pgf@xd=\dimen271
\pgf@yd=\dimen272
\w@pgf@writea=\write3
\r@pgf@reada=\read2
\c@pgf@counta=\count306
\c@pgf@countb=\count307
\c@pgf@countc=\count308
\c@pgf@countd=\count309
\t@pgf@toka=\toks36
\t@pgf@tokb=\toks37
\t@pgf@tokc=\toks38
\pgf@sys@id@count=\count310

(/usr/local/texlive/2022/texmf-dist/tex/generic/pgf/systemlayer/pgf.cfg
File: pgf.cfg 2021/05/15 v3.1.9a (3.1.9a)
)
Driver file for pgf: pgfsys-pdftex.def

(/usr/local/texlive/2022/texmf-dist/tex/generic/pgf/systemlayer/pgfsys-pdftex.d
ef
File: pgfsys-pdftex.def 2021/05/15 v3.1.9a (3.1.9a)

(/usr/local/texlive/2022/texmf-dist/tex/generic/pgf/systemlayer/pgfsys-common-p
df.def
File: pgfsys-common-pdf.def 2021/05/15 v3.1.9a (3.1.9a)
)))
(/usr/local/texlive/2022/texmf-dist/tex/generic/pgf/systemlayer/pgfsyssoftpath.
code.tex
File: pgfsyssoftpath.code.tex 2021/05/15 v3.1.9a (3.1.9a)
\pgfsyssoftpath@smallbuffer@items=\count311
\pgfsyssoftpath@bigbuffer@items=\count312
)
(/usr/local/texlive/2022/texmf-dist/tex/generic/pgf/systemlayer/pgfsysprotocol.
code.tex
File: pgfsysprotocol.code.tex 2021/05/15 v3.1.9a (3.1.9a)
))
(/usr/local/texlive/2022/texmf-dist/tex/generic/pgf/basiclayer/pgfcore.code.tex
Package: pgfcore 2021/05/15 v3.1.9a (3.1.9a)
(/usr/local/texlive/2022/texmf-dist/tex/generic/pgf/math/pgfmath.code.tex
(/usr/local/texlive/2022/texmf-dist/tex/generic/pgf/math/pgfmathcalc.code.tex
(/usr/local/texlive/2022/texmf-dist/tex/generic/pgf/math/pgfmathutil.code.tex)
(/usr/local/texlive/2022/texmf-dist/tex/generic/pgf/math/pgfmathparser.code.tex
\pgfmath@dimen=\dimen273
\pgfmath@count=\count313
\pgfmath@box=\box102
\pgfmath@toks=\toks39
\pgfmath@stack@operand=\toks40
\pgfmath@stack@operation=\toks41
)
(/usr/local/texlive/2022/texmf-dist/tex/generic/pgf/math/pgfmathfunctions.code.
tex
(/usr/local/texlive/2022/texmf-dist/tex/generic/pgf/math/pgfmathfunctions.basic
.code.tex)
(/usr/local/texlive/2022/texmf-dist/tex/generic/pgf/math/pgfmathfunctions.trigo
nometric.code.tex)
(/usr/local/texlive/2022/texmf-dist/tex/generic/pgf/math/pgfmathfunctions.rando
m.code.tex)
(/usr/local/texlive/2022/texmf-dist/tex/generic/pgf/math/pgfmathfunctions.compa
rison.code.tex)
(/usr/local/texlive/2022/texmf-dist/tex/generic/pgf/math/pgfmathfunctions.base.
code.tex)
(/usr/local/texlive/2022/texmf-dist/tex/generic/pgf/math/pgfmathfunctions.round
.code.tex)
(/usr/local/texlive/2022/texmf-dist/tex/generic/pgf/math/pgfmathfunctions.misc.
code.tex)
(/usr/local/texlive/2022/texmf-dist/tex/generic/pgf/math/pgfmathfunctions.integ
erarithmetics.code.tex)))
(/usr/local/texlive/2022/texmf-dist/tex/generic/pgf/math/pgfmathfloat.code.tex
\c@pgfmathroundto@lastzeros=\count314
)) (/usr/local/texlive/2022/texmf-dist/tex/generic/pgf/math/pgfint.code.tex)
(/usr/local/texlive/2022/texmf-dist/tex/generic/pgf/basiclayer/pgfcorepoints.co
de.tex
File: pgfcorepoints.code.tex 2021/05/15 v3.1.9a (3.1.9a)
\pgf@picminx=\dimen274
\pgf@picmaxx=\dimen275
\pgf@picminy=\dimen276
\pgf@picmaxy=\dimen277
\pgf@pathminx=\dimen278
\pgf@pathmaxx=\dimen279
\pgf@pathminy=\dimen280
\pgf@pathmaxy=\dimen281
\pgf@xx=\dimen282
\pgf@xy=\dimen283
\pgf@yx=\dimen284
\pgf@yy=\dimen285
\pgf@zx=\dimen286
\pgf@zy=\dimen287
)
(/usr/local/texlive/2022/texmf-dist/tex/generic/pgf/basiclayer/pgfcorepathconst
ruct.code.tex
File: pgfcorepathconstruct.code.tex 2021/05/15 v3.1.9a (3.1.9a)
\pgf@path@lastx=\dimen288
\pgf@path@lasty=\dimen289
)
(/usr/local/texlive/2022/texmf-dist/tex/generic/pgf/basiclayer/pgfcorepathusage
.code.tex
File: pgfcorepathusage.code.tex 2021/05/15 v3.1.9a (3.1.9a)
\pgf@shorten@end@additional=\dimen290
\pgf@shorten@start@additional=\dimen291
)
(/usr/local/texlive/2022/texmf-dist/tex/generic/pgf/basiclayer/pgfcorescopes.co
de.tex
File: pgfcorescopes.code.tex 2021/05/15 v3.1.9a (3.1.9a)
\pgfpic=\box103
\pgf@hbox=\box104
\pgf@layerbox@main=\box105
\pgf@picture@serial@count=\count315
)
(/usr/local/texlive/2022/texmf-dist/tex/generic/pgf/basiclayer/pgfcoregraphicst
ate.code.tex
File: pgfcoregraphicstate.code.tex 2021/05/15 v3.1.9a (3.1.9a)
\pgflinewidth=\dimen292
)
(/usr/local/texlive/2022/texmf-dist/tex/generic/pgf/basiclayer/pgfcoretransform
ations.code.tex
File: pgfcoretransformations.code.tex 2021/05/15 v3.1.9a (3.1.9a)
\pgf@pt@x=\dimen293
\pgf@pt@y=\dimen294
\pgf@pt@temp=\dimen295
)
(/usr/local/texlive/2022/texmf-dist/tex/generic/pgf/basiclayer/pgfcorequick.cod
e.tex
File: pgfcorequick.code.tex 2021/05/15 v3.1.9a (3.1.9a)
)
(/usr/local/texlive/2022/texmf-dist/tex/generic/pgf/basiclayer/pgfcoreobjects.c
ode.tex
File: pgfcoreobjects.code.tex 2021/05/15 v3.1.9a (3.1.9a)
)
(/usr/local/texlive/2022/texmf-dist/tex/generic/pgf/basiclayer/pgfcorepathproce
ssing.code.tex
File: pgfcorepathprocessing.code.tex 2021/05/15 v3.1.9a (3.1.9a)
)
(/usr/local/texlive/2022/texmf-dist/tex/generic/pgf/basiclayer/pgfcorearrows.co
de.tex
File: pgfcorearrows.code.tex 2021/05/15 v3.1.9a (3.1.9a)
\pgfarrowsep=\dimen296
)
(/usr/local/texlive/2022/texmf-dist/tex/generic/pgf/basiclayer/pgfcoreshade.cod
e.tex
File: pgfcoreshade.code.tex 2021/05/15 v3.1.9a (3.1.9a)
\pgf@max=\dimen297
\pgf@sys@shading@range@num=\count316
\pgf@shadingcount=\count317
)
(/usr/local/texlive/2022/texmf-dist/tex/generic/pgf/basiclayer/pgfcoreimage.cod
e.tex
File: pgfcoreimage.code.tex 2021/05/15 v3.1.9a (3.1.9a)

(/usr/local/texlive/2022/texmf-dist/tex/generic/pgf/basiclayer/pgfcoreexternal.
code.tex
File: pgfcoreexternal.code.tex 2021/05/15 v3.1.9a (3.1.9a)
\pgfexternal@startupbox=\box106
))
(/usr/local/texlive/2022/texmf-dist/tex/generic/pgf/basiclayer/pgfcorelayers.co
de.tex
File: pgfcorelayers.code.tex 2021/05/15 v3.1.9a (3.1.9a)
)
(/usr/local/texlive/2022/texmf-dist/tex/generic/pgf/basiclayer/pgfcoretranspare
ncy.code.tex
File: pgfcoretransparency.code.tex 2021/05/15 v3.1.9a (3.1.9a)
)
(/usr/local/texlive/2022/texmf-dist/tex/generic/pgf/basiclayer/pgfcorepatterns.
code.tex
File: pgfcorepatterns.code.tex 2021/05/15 v3.1.9a (3.1.9a)
)
(/usr/local/texlive/2022/texmf-dist/tex/generic/pgf/basiclayer/pgfcorerdf.code.
tex
File: pgfcorerdf.code.tex 2021/05/15 v3.1.9a (3.1.9a)
)))
(/usr/local/texlive/2022/texmf-dist/tex/generic/pgf/modules/pgfmoduleshapes.cod
e.tex
File: pgfmoduleshapes.code.tex 2021/05/15 v3.1.9a (3.1.9a)
\pgfnodeparttextbox=\box107
)
(/usr/local/texlive/2022/texmf-dist/tex/generic/pgf/modules/pgfmoduleplot.code.
tex
File: pgfmoduleplot.code.tex 2021/05/15 v3.1.9a (3.1.9a)
)
(/usr/local/texlive/2022/texmf-dist/tex/latex/pgf/compatibility/pgfcomp-version
-0-65.sty
Package: pgfcomp-version-0-65 2021/05/15 v3.1.9a (3.1.9a)
\pgf@nodesepstart=\dimen298
\pgf@nodesepend=\dimen299
)
(/usr/local/texlive/2022/texmf-dist/tex/latex/pgf/compatibility/pgfcomp-version
-1-18.sty
Package: pgfcomp-version-1-18 2021/05/15 v3.1.9a (3.1.9a)
)) (/usr/local/texlive/2022/texmf-dist/tex/latex/tools/verbatim.sty
Package: verbatim 2022-07-02 v1.5u LaTeX2e package for verbatim enhancements
\every@verbatim=\toks42
\verbatim@line=\toks43
\verbatim@in@stream=\read3
)
(/usr/local/texlive/2022/texmf-dist/tex/latex/environ/environ.sty
Package: environ 2014/05/04 v0.3 A new way to define environments

(/usr/local/texlive/2022/texmf-dist/tex/latex/trimspaces/trimspaces.sty
Package: trimspaces 2009/09/17 v1.1 Trim spaces around a token list
))
(/usr/local/texlive/2022/texmf-dist/tex/latex/etoolbox/etoolbox.sty
Package: etoolbox 2020/10/05 v2.5k e-TeX tools for LaTeX (JAW)
\etb@tempcnta=\count318
)
\tcb@titlebox=\box108
\tcb@upperbox=\box109
\tcb@lowerbox=\box110
\tcb@phantombox=\box111
\c@tcbbreakpart=\count319
\c@tcblayer=\count320
\c@tcolorbox@number=\count321
\tcb@temp=\box112
\tcb@temp=\box113
\tcb@temp=\box114
\tcb@temp=\box115

(/usr/local/texlive/2022/texmf-dist/tex/latex/tcolorbox/tcbraster.code.tex
Library (tcolorbox): 'tcbraster.code.tex' version '5.1.1'
\c@tcbrastercolumn=\count322
\c@tcbrasterrow=\count323
\c@tcbrasternum=\count324
\c@tcbraster=\count325
) (/usr/local/texlive/2022/texmf-dist/tex/latex/tcolorbox/tcbskins.code.tex
Library (tcolorbox): 'tcbskins.code.tex' version '5.1.1'
(/usr/local/texlive/2022/texmf-dist/tex/latex/pgf/frontendlayer/tikz.sty
(/usr/local/texlive/2022/texmf-dist/tex/latex/pgf/utilities/pgffor.sty
(/usr/local/texlive/2022/texmf-dist/tex/latex/pgf/utilities/pgfkeys.sty
(/usr/local/texlive/2022/texmf-dist/tex/generic/pgf/utilities/pgfkeys.code.tex)
) (/usr/local/texlive/2022/texmf-dist/tex/latex/pgf/math/pgfmath.sty
(/usr/local/texlive/2022/texmf-dist/tex/generic/pgf/math/pgfmath.code.tex))
(/usr/local/texlive/2022/texmf-dist/tex/generic/pgf/utilities/pgffor.code.tex
Package: pgffor 2021/05/15 v3.1.9a (3.1.9a)

(/usr/local/texlive/2022/texmf-dist/tex/generic/pgf/math/pgfmath.code.tex)
\pgffor@iter=\dimen300
\pgffor@skip=\dimen301
\pgffor@stack=\toks44
\pgffor@toks=\toks45
))
(/usr/local/texlive/2022/texmf-dist/tex/generic/pgf/frontendlayer/tikz/tikz.cod
e.tex
Package: tikz 2021/05/15 v3.1.9a (3.1.9a)

(/usr/local/texlive/2022/texmf-dist/tex/generic/pgf/libraries/pgflibraryplothan
dlers.code.tex
File: pgflibraryplothandlers.code.tex 2021/05/15 v3.1.9a (3.1.9a)
\pgf@plot@mark@count=\count326
\pgfplotmarksize=\dimen302
)
\tikz@lastx=\dimen303
\tikz@lasty=\dimen304
\tikz@lastxsaved=\dimen305
\tikz@lastysaved=\dimen306
\tikz@lastmovetox=\dimen307
\tikz@lastmovetoy=\dimen308
\tikzleveldistance=\dimen309
\tikzsiblingdistance=\dimen310
\tikz@figbox=\box116
\tikz@figbox@bg=\box117
\tikz@tempbox=\box118
\tikz@tempbox@bg=\box119
\tikztreelevel=\count327
\tikznumberofchildren=\count328
\tikznumberofcurrentchild=\count329
\tikz@fig@count=\count330

(/usr/local/texlive/2022/texmf-dist/tex/generic/pgf/modules/pgfmodulematrix.cod
e.tex
File: pgfmodulematrix.code.tex 2021/05/15 v3.1.9a (3.1.9a)
\pgfmatrixcurrentrow=\count331
\pgfmatrixcurrentcolumn=\count332
\pgf@matrix@numberofcolumns=\count333
)
\tikz@expandcount=\count334

(/usr/local/texlive/2022/texmf-dist/tex/generic/pgf/frontendlayer/tikz/librarie
s/tikzlibrarytopaths.code.tex
File: tikzlibrarytopaths.code.tex 2021/05/15 v3.1.9a (3.1.9a)
)))
\tcb@waterbox=\box120

(/usr/local/texlive/2022/texmf-dist/tex/latex/tcolorbox/tcbskinsjigsaw.code.tex
Library (tcolorbox): 'tcbskinsjigsaw.code.tex' version '5.1.1'
))
(/usr/local/texlive/2022/texmf-dist/tex/latex/tcolorbox/tcbbreakable.code.tex
Library (tcolorbox): 'tcbbreakable.code.tex' version '5.1.1'
(/usr/local/texlive/2022/texmf-dist/tex/latex/pdfcol/pdfcol.sty
Package: pdfcol 2022-09-21 v1.7 Handle new color stacks for pdfTeX (HO)

(/usr/local/texlive/2022/texmf-dist/tex/generic/ltxcmds/ltxcmds.sty
Package: ltxcmds 2020-05-10 v1.25 LaTeX kernel commands for general use (HO)
)
(/usr/local/texlive/2022/texmf-dist/tex/generic/infwarerr/infwarerr.sty
Package: infwarerr 2019/12/03 v1.5 Providing info/warning/error messages (HO)
))
Package pdfcol Info: New color stack `tcb@breakable' = 1 on input line 23.
\tcb@testbox=\box121
\tcb@totalupperbox=\box122
\tcb@totallowerbox=\box123
)
(/usr/local/texlive/2022/texmf-dist/tex/latex/tcolorbox/tcbhooks.code.tex
Library (tcolorbox): 'tcbhooks.code.tex' version '5.1.1'
) (/usr/local/texlive/2022/texmf-dist/tex/latex/tcolorbox/tcbtheorems.code.tex
Library (tcolorbox): 'tcbtheorems.code.tex' version '5.1.1'
) (/usr/local/texlive/2022/texmf-dist/tex/latex/tcolorbox/tcbfitting.code.tex
Library (tcolorbox): 'tcbfitting.code.tex' version '5.1.1'
\tcbfitdim=\dimen311
\tcb@lowerfitdim=\dimen312
\tcb@upperfitdim=\dimen313
\tcb@cur@hbadness=\count335
)
(/usr/local/texlive/2022/texmf-dist/tex/latex/tcolorbox/tcblistingsutf8.code.te
x
Library (tcolorbox): 'tcblistingsutf8.code.tex' version '5.1.1'
(/usr/local/texlive/2022/texmf-dist/tex/latex/tcolorbox/tcblistings.code.tex
Library (tcolorbox): 'tcblistings.code.tex' version '5.1.1'
(/usr/local/texlive/2022/texmf-dist/tex/latex/listings/listings.sty
\lst@mode=\count336
\lst@gtempboxa=\box124
\lst@token=\toks46
\lst@length=\count337
\lst@currlwidth=\dimen314
\lst@column=\count338
\lst@pos=\count339
\lst@lostspace=\dimen315
\lst@width=\dimen316
\lst@newlines=\count340
\lst@lineno=\count341
\lst@maxwidth=\dimen317

(/usr/local/texlive/2022/texmf-dist/tex/latex/listings/lstmisc.sty
File: lstmisc.sty 2020/03/24 1.8d (Carsten Heinz)
\c@lstnumber=\count342
\lst@skipnumbers=\count343
\lst@framebox=\box125
)
(/usr/local/texlive/2022/texmf-dist/tex/latex/listings/listings.cfg
File: listings.cfg 2020/03/24 1.8d listings configuration
))
Package: listings 2020/03/24 1.8d (Carsten Heinz)

(/usr/local/texlive/2022/texmf-dist/tex/latex/tcolorbox/tcblistingscore.code.te
x
Library (tcolorbox): 'tcblistingscore.code.tex' version '5.1.1'
(/usr/local/texlive/2022/texmf-dist/tex/latex/tcolorbox/tcbprocessing.code.tex
Library (tcolorbox): 'tcbprocessing.code.tex' version '5.1.1'
(/usr/local/texlive/2022/texmf-dist/tex/generic/pdftexcmds/pdftexcmds.sty
Package: pdftexcmds 2020-06-27 v0.33 Utility functions of pdfTeX for LuaTeX (HO
)
Package pdftexcmds Info: \pdf@primitive is available.
Package pdftexcmds Info: \pdf@ifprimitive is available.
Package pdftexcmds Info: \pdfdraftmode found.
)
(/usr/local/texlive/2022/texmf-dist/tex/latex/tools/shellesc.sty
Package: shellesc 2019/11/08 v1.0c unified shell escape interface for LaTeX
Package shellesc Info: Restricted shell escape enabled on input line 77.
))
\c@tcblisting=\count344
))
(/usr/local/texlive/2022/texmf-dist/tex/latex/listingsutf8/listingsutf8.sty
Package: listingsutf8 2019-12-10 v1.5 Allow UTF-8 in listings input (HO)

(/usr/local/texlive/2022/texmf-dist/tex/generic/stringenc/stringenc.sty
Package: stringenc 2019/11/29 v1.12 Convert strings between diff. encodings (HO
)

(/usr/local/texlive/2022/texmf-dist/tex/generic/pdfescape/pdfescape.sty
Package: pdfescape 2019/12/09 v1.15 Implements pdfTeX's escape features (HO)
))))
(/usr/local/texlive/2022/texmf-dist/tex/latex/tcolorbox/tcbexternal.code.tex
Library (tcolorbox): 'tcbexternal.code.tex' version '5.1.1'
) (/usr/local/texlive/2022/texmf-dist/tex/latex/tcolorbox/tcbmagazine.code.tex
Library (tcolorbox): 'tcbmagazine.code.tex' version '5.1.1'
) (/usr/local/texlive/2022/texmf-dist/tex/latex/tcolorbox/tcbvignette.code.tex
Library (tcolorbox): 'tcbvignette.code.tex' version '5.1.1'

(/usr/local/texlive/2022/texmf-dist/tex/generic/pgf/frontendlayer/tikz/librarie
s/tikzlibraryfadings.code.tex
File: tikzlibraryfadings.code.tex 2021/05/15 v3.1.9a (3.1.9a)

(/usr/local/texlive/2022/texmf-dist/tex/generic/pgf/libraries/pgflibraryfadings
.code.tex
File: pgflibraryfadings.code.tex 2021/05/15 v3.1.9a (3.1.9a)
)))
(/usr/local/texlive/2022/texmf-dist/tex/latex/tcolorbox/tcbposter.code.tex
Library (tcolorbox): 'tcbposter.code.tex' version '5.1.1'
))
(/usr/local/texlive/2022/texmf-dist/tex/generic/pgf/frontendlayer/tikz/librarie
s/tikzlibraryarrows.code.tex
File: tikzlibraryarrows.code.tex 2021/05/15 v3.1.9a (3.1.9a)

(/usr/local/texlive/2022/texmf-dist/tex/generic/pgf/libraries/pgflibraryarrows.
code.tex
File: pgflibraryarrows.code.tex 2021/05/15 v3.1.9a (3.1.9a)
\arrowsize=\dimen318
))
(/usr/local/texlive/2022/texmf-dist/tex/generic/pgf/frontendlayer/tikz/librarie
s/tikzlibrarypositioning.code.tex
File: tikzlibrarypositioning.code.tex 2021/05/15 v3.1.9a (3.1.9a)
)
(/usr/local/texlive/2022/texmf-dist/tex/generic/ulem/ulem.sty
\UL@box=\box126
\UL@hyphenbox=\box127
\UL@skip=\skip63
\UL@hook=\toks47
\UL@height=\dimen319
\UL@pe=\count345
\UL@pixel=\dimen320
\ULC@box=\box128
Package: ulem 2019/11/18
\ULdepth=\dimen321
)
(/usr/local/texlive/2022/texmf-dist/tex/latex/hyperref/hyperref.sty
Package: hyperref 2022-09-22 v7.00t Hypertext links for LaTeX

(/usr/local/texlive/2022/texmf-dist/tex/latex/kvsetkeys/kvsetkeys.sty
Package: kvsetkeys 2022-10-05 v1.19 Key value parser (HO)
)
(/usr/local/texlive/2022/texmf-dist/tex/generic/kvdefinekeys/kvdefinekeys.sty
Package: kvdefinekeys 2019-12-19 v1.6 Define keys (HO)
)
(/usr/local/texlive/2022/texmf-dist/tex/latex/hycolor/hycolor.sty
Package: hycolor 2020-01-27 v1.10 Color options for hyperref/bookmark (HO)
)
(/usr/local/texlive/2022/texmf-dist/tex/latex/letltxmacro/letltxmacro.sty
Package: letltxmacro 2019/12/03 v1.6 Let assignment for LaTeX macros (HO)
)
(/usr/local/texlive/2022/texmf-dist/tex/latex/auxhook/auxhook.sty
Package: auxhook 2019-12-17 v1.6 Hooks for auxiliary files (HO)
)
(/usr/local/texlive/2022/texmf-dist/tex/latex/hyperref/nameref.sty
Package: nameref 2022-05-17 v2.50 Cross-referencing by name of section

(/usr/local/texlive/2022/texmf-dist/tex/latex/refcount/refcount.sty
Package: refcount 2019/12/15 v3.6 Data extraction from label references (HO)
)
(/usr/local/texlive/2022/texmf-dist/tex/generic/gettitlestring/gettitlestring.s
ty
Package: gettitlestring 2019/12/15 v1.6 Cleanup title references (HO)
 (/usr/local/texlive/2022/texmf-dist/tex/latex/kvoptions/kvoptions.sty
Package: kvoptions 2022-06-15 v3.15 Key value format for package options (HO)
))
\c@section@level=\count346
)
\@linkdim=\dimen322
\Hy@linkcounter=\count347
\Hy@pagecounter=\count348

(/usr/local/texlive/2022/texmf-dist/tex/latex/hyperref/pd1enc.def
File: pd1enc.def 2022-09-22 v7.00t Hyperref: PDFDocEncoding definition (HO)
Now handling font encoding PD1 ...
... no UTF-8 mapping file for font encoding PD1
)
(/usr/local/texlive/2022/texmf-dist/tex/generic/intcalc/intcalc.sty
Package: intcalc 2019/12/15 v1.3 Expandable calculations with integers (HO)
)
(/usr/local/texlive/2022/texmf-dist/tex/generic/etexcmds/etexcmds.sty
Package: etexcmds 2019/12/15 v1.7 Avoid name clashes with e-TeX commands (HO)
)
\Hy@SavedSpaceFactor=\count349

(/usr/local/texlive/2022/texmf-dist/tex/latex/hyperref/puenc.def
File: puenc.def 2022-09-22 v7.00t Hyperref: PDF Unicode definition (HO)
Now handling font encoding PU ...
... no UTF-8 mapping file for font encoding PU
)
Package hyperref Info: Hyper figures OFF on input line 4162.
Package hyperref Info: Link nesting OFF on input line 4167.
Package hyperref Info: Hyper index ON on input line 4170.
Package hyperref Info: Plain pages OFF on input line 4177.
Package hyperref Info: Backreferencing OFF on input line 4182.
Package hyperref Info: Implicit mode ON; LaTeX internals redefined.
Package hyperref Info: Bookmarks ON on input line 4410.
\c@Hy@tempcnt=\count350

(/usr/local/texlive/2022/texmf-dist/tex/latex/url/url.sty
\Urlmuskip=\muskip17
Package: url 2013/09/16  ver 3.4  Verb mode for urls, etc.
)
LaTeX Info: Redefining \url on input line 4748.
\XeTeXLinkMargin=\dimen323

(/usr/local/texlive/2022/texmf-dist/tex/generic/bitset/bitset.sty
Package: bitset 2019/12/09 v1.3 Handle bit-vector datatype (HO)

(/usr/local/texlive/2022/texmf-dist/tex/generic/bigintcalc/bigintcalc.sty
Package: bigintcalc 2019/12/15 v1.5 Expandable calculations on big integers (HO
)
))
\Fld@menulength=\count351
\Field@Width=\dimen324
\Fld@charsize=\dimen325
Package hyperref Info: Hyper figures OFF on input line 6027.
Package hyperref Info: Link nesting OFF on input line 6032.
Package hyperref Info: Hyper index ON on input line 6035.
Package hyperref Info: backreferencing OFF on input line 6042.
Package hyperref Info: Link coloring OFF on input line 6047.
Package hyperref Info: Link coloring with OCG OFF on input line 6052.
Package hyperref Info: PDF/A mode OFF on input line 6057.

(/usr/local/texlive/2022/texmf-dist/tex/latex/base/atbegshi-ltx.sty
Package: atbegshi-ltx 2021/01/10 v1.0c Emulation of the original atbegshi
package with kernel methods
)
\Hy@abspage=\count352
\c@Item=\count353
\c@Hfootnote=\count354
)
Package hyperref Info: Driver (autodetected): hpdftex.

(/usr/local/texlive/2022/texmf-dist/tex/latex/hyperref/hpdftex.def
File: hpdftex.def 2022-09-22 v7.00t Hyperref driver for pdfTeX

(/usr/local/texlive/2022/texmf-dist/tex/latex/base/atveryend-ltx.sty
Package: atveryend-ltx 2020/08/19 v1.0a Emulation of the original atveryend pac
kage
with kernel methods
)
\Fld@listcount=\count355
\c@bookmark@seq@number=\count356

(/usr/local/texlive/2022/texmf-dist/tex/latex/rerunfilecheck/rerunfilecheck.sty
Package: rerunfilecheck 2022-07-10 v1.10 Rerun checks for auxiliary files (HO)

(/usr/local/texlive/2022/texmf-dist/tex/generic/uniquecounter/uniquecounter.sty
Package: uniquecounter 2019/12/15 v1.4 Provide unlimited unique counter (HO)
)
Package uniquecounter Info: New unique counter `rerunfilecheck' on input line 2
85.
)
\Hy@SectionHShift=\skip64
) (./pieces/macros.tex)
(/usr/local/texlive/2022/texmf-dist/tex/latex/upquote/upquote.sty
Package: upquote 2012/04/19 v1.3 upright-quote and grave-accent glyphs in verba
tim
)
(/usr/local/texlive/2022/texmf-dist/tex/latex/l3backend/l3backend-pdftex.def
File: l3backend-pdftex.def 2022-10-26 L3 backend support: PDF output (pdfTeX)
\l__color_backend_stack_int=\count357
\l__pdf_internal_box=\box129
)
(./HSB_results.aux)
\openout1 = `HSB_results.aux'.

LaTeX Font Info:    Checking defaults for OML/cmm/m/it on input line 118.
LaTeX Font Info:    ... okay on input line 118.
LaTeX Font Info:    Checking defaults for OMS/cmsy/m/n on input line 118.
LaTeX Font Info:    ... okay on input line 118.
LaTeX Font Info:    Checking defaults for OT1/cmr/m/n on input line 118.
LaTeX Font Info:    ... okay on input line 118.
LaTeX Font Info:    Checking defaults for T1/cmr/m/n on input line 118.
LaTeX Font Info:    ... okay on input line 118.
LaTeX Font Info:    Checking defaults for TS1/cmr/m/n on input line 118.
LaTeX Font Info:    ... okay on input line 118.
LaTeX Font Info:    Checking defaults for OMX/cmex/m/n on input line 118.
LaTeX Font Info:    ... okay on input line 118.
LaTeX Font Info:    Checking defaults for U/cmr/m/n on input line 118.
LaTeX Font Info:    ... okay on input line 118.
LaTeX Font Info:    Checking defaults for PD1/pdf/m/n on input line 118.
LaTeX Font Info:    ... okay on input line 118.
LaTeX Font Info:    Checking defaults for PU/pdf/m/n on input line 118.
LaTeX Font Info:    ... okay on input line 118.

(/usr/local/texlive/2022/texmf-dist/tex/context/base/mkii/supp-pdf.mkii
[Loading MPS to PDF converter (version 2006.09.02).]
\scratchcounter=\count358
\scratchdimen=\dimen326
\scratchbox=\box130
\nofMPsegments=\count359
\nofMParguments=\count360
\everyMPshowfont=\toks48
\MPscratchCnt=\count361
\MPscratchDim=\dimen327
\MPnumerator=\count362
\makeMPintoPDFobject=\count363
\everyMPtoPDFconversion=\toks49
) (/usr/local/texlive/2022/texmf-dist/tex/latex/epstopdf-pkg/epstopdf-base.sty
Package: epstopdf-base 2020-01-24 v2.11 Base part for package epstopdf
Package epstopdf-base Info: Redefining graphics rule for `.eps' on input line 4
85.

(/usr/local/texlive/2022/texmf-dist/tex/latex/latexconfig/epstopdf-sys.cfg
File: epstopdf-sys.cfg 2010/07/13 v1.3 Configuration of (r)epstopdf for TeX Liv
e
))
Package caption Info: Begin \AtBeginDocument code.
Package caption Info: hyperref package is loaded.
Package caption Info: listings package is loaded.
Package caption Info: End \AtBeginDocument code.

*geometry* driver: auto-detecting
*geometry* detected driver: pdftex
*geometry* verbose mode - [ preamble ] result:
* driver: pdftex
* paper: letterpaper
* layout: <same size as paper>
* layoutoffset:(h,v)=(0.0pt,0.0pt)
* modes: 
* h-part:(L,W,R)=(54.2025pt, 505.89pt, 54.2025pt)
* v-part:(T,H,B)=(54.2025pt, 686.56499pt, 54.2025pt)
* \paperwidth=614.295pt
* \paperheight=794.96999pt
* \textwidth=505.89pt
* \textheight=686.56499pt
* \oddsidemargin=-18.06749pt
* \evensidemargin=-18.06749pt
* \topmargin=-55.06749pt
* \headheight=12.0pt
* \headsep=25.0pt
* \topskip=12.0pt
* \footskip=18.06749pt
* \marginparwidth=44.0pt
* \marginparsep=10.0pt
* \columnsep=10.0pt
* \skip\footins=10.8pt plus 4.0pt minus 2.0pt
* \hoffset=0.0pt
* \voffset=0.0pt
* \mag=1000
* \@twocolumnfalse
* \@twosidefalse
* \@mparswitchfalse
* \@reversemarginfalse
* (1in=72.27pt=25.4mm, 1cm=28.453pt)

(/usr/local/texlive/2022/texmf-dist/tex/latex/base/textcomp.sty
Package: textcomp 2020/02/02 v2.0n Standard LaTeX package
)
\c@lstlisting=\count364

(/usr/local/texlive/2022/texmf-dist/tex/latex/base/inputenc.sty
Package: inputenc 2021/02/14 v1.3d Input encoding file
\inpenc@prehook=\toks50
\inpenc@posthook=\toks51
)
Package hyperref Info: Link coloring OFF on input line 118.

(./HSB_results.out) (./HSB_results.out)
\@outlinefile=\write4
\openout4 = `HSB_results.out'.

LaTeX Font Info:    Trying to load font information for U+msa on input line 121
.

(/usr/local/texlive/2022/texmf-dist/tex/latex/amsfonts/umsa.fd
File: umsa.fd 2013/01/14 v3.01 AMS symbols A
)
LaTeX Font Info:    Trying to load font information for U+msb on input line 121
.

(/usr/local/texlive/2022/texmf-dist/tex/latex/amsfonts/umsb.fd
File: umsb.fd 2013/01/14 v3.01 AMS symbols B
) [1

{/usr/local/texlive/2022/texmf-var/fonts/map/pdftex/updmap/pdftex.map}] [2]
(./HSB_results.bbl) (./pieces/nomenclature.tex [3

]

LaTeX Warning: Reference `fig:flowchart' on page 4 undefined on input line 62.


Overfull \hbox (9.39403pt too wide) in paragraph at lines 58--75
 [][] 
 []


LaTeX Warning: Reference `eq:indirect_energy_rates' on page 4 undefined on inpu
t line 150.


LaTeX Warning: Reference `fig:flowchart' on page 4 undefined on input line 170.



LaTeX Warning: Reference `fig:flowchart' on page 4 undefined on input line 171.



LaTeX Warning: Reference `fig:flowchart' on page 4 undefined on input line 175.



LaTeX Warning: Reference `fig:flowchart' on page 4 undefined on input line 177.


) (./pieces/rebound_path_graph_details.tex

LaTeX Warning: Reference `fig:ExampleEnergyPathGraph' on page 4 undefined on in
put line 9.


LaTeX Warning: Reference `fig:ExampleConsPathGraph' on page 4 undefined on inpu
t line 9.


LaTeX Warning: Reference `fig:CarEnergyGraph' on page 4 undefined on input line
 11.


LaTeX Warning: Reference `fig:CarConsGraph' on page 4 undefined on input line 1
1.


LaTeX Warning: Reference `fig:LampEnergyGraph' on page 4 undefined on input lin
e 13.


LaTeX Warning: Reference `fig:LampConsGraph' on page 4 undefined on input line 
13.

[4] [5] [6]

LaTeX Warning: Reference `fig:CarEnergyGraph' on page 7 undefined on input line
 20.


LaTeX Warning: Reference `fig:LampConsGraph' on page 7 undefined on input line 
20.


LaTeX Warning: Reference `fig:flowchart' on page 7 undefined on input line 64.


LaTeX Warning: Reference `fig:flowchart' on page 7 undefined on input line 92.

[7]

LaTeX Warning: Reference `fig:flowchart' on page 8 undefined on input line 157.


[8]

LaTeX Warning: Reference `fig:ExampleConsPathGraph' on page 9 undefined on inpu
t line 224.


LaTeX Warning: Reference `fig:CarConsGraph' on page 9 undefined on input line 2
24.


LaTeX Warning: Reference `fig:LampConsGraph' on page 9 undefined on input line 
224.


LaTeX Warning: Reference `fig:flowchart' on page 9 undefined on input line 256.


[9]

LaTeX Warning: Reference `fig:ExampleConsPathGraph' on page 10 undefined on inp
ut line 329.


LaTeX Warning: Reference `fig:CarConsGraph' on page 10 undefined on input line 
329.


LaTeX Warning: Reference `fig:LampConsGraph' on page 10 undefined on input line
 329.


Package hyperref Warning: Token not allowed in a PDF string (Unicode):
(hyperref)                removing `math shift' on input line 360.


Package hyperref Warning: Token not allowed in a PDF string (Unicode):
(hyperref)                removing `\wedge' on input line 360.


Package hyperref Warning: Token not allowed in a PDF string (Unicode):
(hyperref)                removing `math shift' on input line 360.


LaTeX Warning: Reference `eq:utility_Co_form' on page 10 undefined on input lin
e 391.


LaTeX Warning: Reference `eq:ces_utility' on page 10 undefined on input line 40
9.

[10]) (./pieces/derivation.tex

LaTeX Warning: Reference `fig:flowchart' on page 11 undefined on input line 17.


(./pieces/assumptions_table.tex [11] [12])

LaTeX Warning: Reference `fig:flowchart' on page 13 undefined on input line 58.


(./pieces/deriv1_emplacement_effect.tex [13


]
Underfull \hbox (badness 10000) in paragraph at lines 15--15

 []


Overfull \hbox (2.67105pt too wide) in paragraph at lines 15--15
[][] []   [] 
 []


Overfull \hbox (21.67792pt too wide) in paragraph at lines 17--18
[] 
 []


Overfull \hbox (2.67105pt too wide) in paragraph at lines 32--32
[][] []   [] 
 []


Overfull \hbox (21.67792pt too wide) in paragraph at lines 34--35
[] 
 []


Overfull \hbox (2.67105pt too wide) in paragraph at lines 49--49
[][] []   [] 
 []


Overfull \hbox (21.67792pt too wide) in paragraph at lines 51--52
[] 
 []


Underfull \hbox (badness 10000) in paragraph at lines 147--147

 []


LaTeX Warning: Reference `eq:S_dot_def' on page 14 undefined on input line 147.



LaTeX Warning: Reference `eq:Sdot' on page 14 undefined on input line 147.


LaTeX Warning: Reference `eq:Re_def' on page 14 undefined on input line 147.


Overfull \hbox (2.67105pt too wide) in paragraph at lines 147--147
[][] []   [] 
 []

[14

]) (./pieces/deriv3_substitution_effect.tex
Underfull \hbox (badness 10000) in paragraph at lines 15--15

 []


Overfull \hbox (2.67105pt too wide) in paragraph at lines 15--15
[][] []   [] 
 []


Overfull \hbox (21.67792pt too wide) in paragraph at lines 17--18
[] 
 []


Overfull \hbox (2.67105pt too wide) in paragraph at lines 32--32
[][] []   [] 
 []


Overfull \hbox (21.67792pt too wide) in paragraph at lines 34--35
[] 
 []


Overfull \hbox (2.67105pt too wide) in paragraph at lines 50--50
[][] []   [] 
 []


Overfull \hbox (21.67792pt too wide) in paragraph at lines 52--53
[] 
 []


Underfull \hbox (badness 10000) in paragraph at lines 123--123

 []


Overfull \hbox (2.67105pt too wide) in paragraph at lines 123--123
[][] []   [] 
 []

[15



pdfTeX warning (ext4): destination with the same identifier (name{equation.C.44
}) has been already used, duplicate ignored
<argument> ...shipout:D \box_use:N \l_shipout_box 
                                                  \__shipout_drop_firstpage_...
l.125 \end{landscape}
                     
pdfTeX warning (ext4): destination with the same identifier (name{equation.C.44
}) has been already used, duplicate ignored
<argument> ...shipout:D \box_use:N \l_shipout_box 
                                                  \__shipout_drop_firstpage_...
l.125 \end{landscape}
                     ]) (./pieces/deriv4_income_effect.tex
Underfull \hbox (badness 10000) in paragraph at lines 15--15

 []


Overfull \hbox (2.67105pt too wide) in paragraph at lines 15--15
[][] []   [] 
 []


Overfull \hbox (21.67792pt too wide) in paragraph at lines 17--18
[] 
 []


Overfull \hbox (2.67105pt too wide) in paragraph at lines 32--32
[][] []   [] 
 []


Overfull \hbox (21.67792pt too wide) in paragraph at lines 34--35
[] 
 []


Overfull \hbox (2.67105pt too wide) in paragraph at lines 49--49
[][] []   [] 
 []


Overfull \hbox (21.67792pt too wide) in paragraph at lines 51--52
[] 
 []


Underfull \hbox (badness 10000) in paragraph at lines 129--129

 []


Overfull \hbox (2.67105pt too wide) in paragraph at lines 129--129
[][] []   [] 
 []

[16



pdfTeX warning (ext4): destination with the same identifier (name{equation.C.53
}) has been already used, duplicate ignored
<argument> ...shipout:D \box_use:N \l_shipout_box 
                                                  \__shipout_drop_firstpage_...
l.130 \end{landscape}
                     
pdfTeX warning (ext4): destination with the same identifier (name{equation.C.53
}) has been already used, duplicate ignored
<argument> ...shipout:D \box_use:N \l_shipout_box 
                                                  \__shipout_drop_firstpage_...
l.130 \end{landscape}
                     ]) (./pieces/deriv5_macro_effect.tex
Underfull \hbox (badness 10000) in paragraph at lines 15--15

 []


Overfull \hbox (2.67105pt too wide) in paragraph at lines 15--15
[][] []   [] 
 []


Overfull \hbox (21.67792pt too wide) in paragraph at lines 17--18
[] 
 []


Overfull \hbox (21.67792pt too wide) in paragraph at lines 31--32
[] 
 []


Overfull \hbox (21.67792pt too wide) in paragraph at lines 45--46
[] 
 []


Underfull \hbox (badness 10000) in paragraph at lines 91--91

 []


LaTeX Warning: Reference `eq:Re_macro_def' on page 17 undefined on input line 9
1.


Overfull \hbox (2.67105pt too wide) in paragraph at lines 91--91
[][] []   [] 
 []

[17


])

Package hyperref Warning: Token not allowed in a PDF string (Unicode):
(hyperref)                removing `math shift' on input line 115.


Package hyperref Warning: Token not allowed in a PDF string (Unicode):
(hyperref)                removing `subscript' on input line 115.


Package hyperref Warning: Token not allowed in a PDF string (Unicode):
(hyperref)                removing `math shift' on input line 115.


pdfTeX warning (ext4): destination with the same identifier (name{equation.C.66
}) has been already used, duplicate ignored
<to be read again> 
                   \relax 
l.123 \begin{equation}
                      
pdfTeX warning (ext4): destination with the same identifier (name{equation.C.66
}) has been already used, duplicate ignored
<to be read again> 
                   \relax 
l.123 \begin{equation}
                      
pdfTeX warning (ext4): destination with the same identifier (name{equation.C.66
}) has been already used, duplicate ignored
<to be read again> 
                   \relax 
l.123 \begin{equation}
                      
pdfTeX warning (ext4): destination with the same identifier (name{equation.C.66
}) has been already used, duplicate ignored
<to be read again> 
                   \relax 
l.123 \begin{equation}
                      

LaTeX Warning: Reference `eq:S_dot_def' on page 18 undefined on input line 125.



LaTeX Warning: Reference `eq:typ_qs_eta_Edot' on page 18 undefined on input lin
e 128.


pdfTeX warning (ext4): destination with the same identifier (name{equation.C.66
}) has been already used, duplicate ignored
<to be read again> 
                   \relax 
l.132 \begin{equation}
                      
pdfTeX warning (ext4): destination with the same identifier (name{equation.C.66
}) has been already used, duplicate ignored
<to be read again> 
                   \relax 
l.132 \begin{equation}
                      
pdfTeX warning (ext4): destination with the same identifier (name{equation.C.66
}) has been already used, duplicate ignored
<to be read again> 
                   \relax 
l.132 \begin{equation}
                      
pdfTeX warning (ext4): destination with the same identifier (name{equation.C.66
}) has been already used, duplicate ignored
<to be read again> 
                   \relax 
l.132 \begin{equation}
                      

LaTeX Warning: Reference `eq:Sdot' on page 18 undefined on input line 158.


Package hyperref Warning: Token not allowed in a PDF string (Unicode):
(hyperref)                removing `\inlinebox' on input line 162.

[18

]

LaTeX Warning: Reference `eq:Re_takeback' on page 19 undefined on input line 25
1.


pdfTeX warning (ext4): destination with the same identifier (name{equation.C.68
}) has been already used, duplicate ignored
<to be read again> 
                   \relax 
l.253 \begin{equation}
                      
pdfTeX warning (ext4): destination with the same identifier (name{equation.C.68
}) has been already used, duplicate ignored
<to be read again> 
                   \relax 
l.253 \begin{equation}
                      
pdfTeX warning (ext4): destination with the same identifier (name{equation.C.68
}) has been already used, duplicate ignored
<to be read again> 
                   \relax 
l.253 \begin{equation}
                      
pdfTeX warning (ext4): destination with the same identifier (name{equation.C.68
}) has been already used, duplicate ignored
<to be read again> 
                   \relax 
l.253 \begin{equation}
                      

LaTeX Warning: Reference `eq:Re_emb' on page 19 undefined on input line 255.


pdfTeX warning (ext4): destination with the same identifier (name{equation.C.68
}) has been already used, duplicate ignored
<to be read again> 
                   \relax 
l.295 \begin{equation}
                       \label{eq:Re_md_def}
pdfTeX warning (ext4): destination with the same identifier (name{equation.C.68
}) has been already used, duplicate ignored
<to be read again> 
                   \relax 
l.295 \begin{equation}
                       \label{eq:Re_md_def}
pdfTeX warning (ext4): destination with the same identifier (name{equation.C.68
}) has been already used, duplicate ignored
<to be read again> 
                   \relax 
l.295 \begin{equation}
                       \label{eq:Re_md_def}
pdfTeX warning (ext4): destination with the same identifier (name{equation.C.68
}) has been already used, duplicate ignored
<to be read again> 
                   \relax 
l.295 \begin{equation}
                       \label{eq:Re_md_def}

LaTeX Warning: Reference `eq:Re_md' on page 19 undefined on input line 304.


Package hyperref Warning: Token not allowed in a PDF string (Unicode):
(hyperref)                removing `\inlinebox' on input line 311.

[19]
pdfTeX warning (ext4): destination with the same identifier (name{equation.C.69
}) has been already used, duplicate ignored
<to be read again> 
                   \relax 
l.354 \begin{equation}
                      
pdfTeX warning (ext4): destination with the same identifier (name{equation.C.69
}) has been already used, duplicate ignored
<to be read again> 
                   \relax 
l.354 \begin{equation}
                      
pdfTeX warning (ext4): destination with the same identifier (name{equation.C.69
}) has been already used, duplicate ignored
<to be read again> 
                   \relax 
l.354 \begin{equation}
                      
pdfTeX warning (ext4): destination with the same identifier (name{equation.C.69
}) has been already used, duplicate ignored
<to be read again> 
                   \relax 
l.354 \begin{equation}
                      

LaTeX Warning: Reference `eq:Re_dsub_def' on page 20 undefined on input line 35
6.


LaTeX Warning: Reference `eq:typ_qs_eta_Edot' on page 20 undefined on input lin
e 358.


pdfTeX warning (ext4): destination with the same identifier (name{equation.C.69
}) has been already used, duplicate ignored
<to be read again> 
                   \relax 
l.361 \begin{equation}
                      
pdfTeX warning (ext4): destination with the same identifier (name{equation.C.69
}) has been already used, duplicate ignored
<to be read again> 
                   \relax 
l.361 \begin{equation}
                      
pdfTeX warning (ext4): destination with the same identifier (name{equation.C.69
}) has been already used, duplicate ignored
<to be read again> 
                   \relax 
l.361 \begin{equation}
                      
pdfTeX warning (ext4): destination with the same identifier (name{equation.C.69
}) has been already used, duplicate ignored
<to be read again> 
                   \relax 
l.361 \begin{equation}
                      

LaTeX Warning: Reference `eq:Sdot' on page 20 undefined on input line 384.


LaTeX Warning: Reference `eq:Re_dsub_prelim' on page 20 undefined on input line
 396.


LaTeX Warning: Reference `eq:Re_dsub_prelim' on page 20 undefined on input line
 398.

[20]

LaTeX Warning: Reference `eq:Re_isub_def' on page 21 undefined on input line 41
2.


LaTeX Warning: Reference `eq:Sdot' on page 21 undefined on input line 427.


LaTeX Warning: Reference `eq:Re_isub_prelim' on page 21 undefined on input line
 434.


LaTeX Warning: Reference `eq:Re_isub_prelim' on page 21 undefined on input line
 436.

[21
pdfTeX warning (ext4): destination with the same identifier (name{equation.C.73
}) has been already used, duplicate ignored
<argument> ...shipout:D \box_use:N \l_shipout_box 
                                                  \__shipout_drop_firstpage_...
l.478 
      
pdfTeX warning (ext4): destination with the same identifier (name{equation.C.73
}) has been already used, duplicate ignored
<argument> ...shipout:D \box_use:N \l_shipout_box 
                                                  \__shipout_drop_firstpage_...
l.478 
      
pdfTeX warning (ext4): destination with the same identifier (name{equation.C.75
}) has been already used, duplicate ignored
<argument> ...shipout:D \box_use:N \l_shipout_box 
                                                  \__shipout_drop_firstpage_...
l.478 
      ]

LaTeX Warning: Reference `eq:ps_pE_eta' on page 22 undefined on input line 479.



LaTeX Warning: Reference `eq:Re_dsub_prelim' on page 22 undefined on input line
 493.


LaTeX Warning: Reference `eq:Re_isub_prelim' on page 22 undefined on input line
 553.

[22]

LaTeX Warning: Reference `fig:ExampleConsPathGraph' on page 23 undefined on inp
ut line 600.


LaTeX Warning: Reference `eq:slope_indifference_curve' on page 23 undefined on 
input line 606.


LaTeX Warning: Reference `eq:q_s_solution' on page 23 undefined on input line 6
48.

[23]

LaTeX Warning: Reference `eq:q_s_solution' on page 24 undefined on input line 6
50.


LaTeX Warning: Reference `eq:Re_dsub_prelim' on page 24 undefined on input line
 651.


LaTeX Warning: Reference `eq:Re_dsub_CES' on page 24 undefined on input line 65
7.


LaTeX Warning: Reference `eq:q_s_solution' on page 24 undefined on input line 6
60.


LaTeX Warning: Reference `eq:utility_Co_form' on page 24 undefined on input lin
e 662.


LaTeX Warning: Reference `eq:C_o_solution' on page 24 undefined on input line 6
77.


LaTeX Warning: Reference `eq:C_o_solution' on page 24 undefined on input line 6
79.


LaTeX Warning: Reference `eq:Re_isub_prelim' on page 24 undefined on input line
 679.


LaTeX Warning: Reference `eq:Re_isub_CES' on page 24 undefined on input line 68
5.


Package hyperref Warning: Token not allowed in a PDF string (Unicode):
(hyperref)                removing `\inlinebox' on input line 689.


LaTeX Warning: Reference `eq:qsrat_eqsM' on page 24 undefined on input line 728
.

[24
pdfTeX warning (ext4): destination with the same identifier (name{equation.C.86
}) has been already used, duplicate ignored
<argument> ...shipout:D \box_use:N \l_shipout_box 
                                                  \__shipout_drop_firstpage_...
l.728 \end{equation}
                    
pdfTeX warning (ext4): destination with the same identifier (name{equation.C.86
}) has been already used, duplicate ignored
<argument> ...shipout:D \box_use:N \l_shipout_box 
                                                  \__shipout_drop_firstpage_...
l.728 \end{equation}
                    
pdfTeX warning (ext4): destination with the same identifier (name{equation.C.87
}) has been already used, duplicate ignored
<argument> ...shipout:D \box_use:N \l_shipout_box 
                                                  \__shipout_drop_firstpage_...
l.728 \end{equation}
                    ]
pdfTeX warning (ext4): destination with the same identifier (name{equation.C.87
}) has been already used, duplicate ignored
<to be read again> 
                   \relax 
l.732 \begin{equation}
                      
pdfTeX warning (ext4): destination with the same identifier (name{equation.C.87
}) has been already used, duplicate ignored
<to be read again> 
                   \relax 
l.732 \begin{equation}
                      
pdfTeX warning (ext4): destination with the same identifier (name{equation.C.87
}) has been already used, duplicate ignored
<to be read again> 
                   \relax 
l.732 \begin{equation}
                      
pdfTeX warning (ext4): destination with the same identifier (name{equation.C.87
}) has been already used, duplicate ignored
<to be read again> 
                   \relax 
l.732 \begin{equation}
                      

LaTeX Warning: Reference `eq:qorat_eqoM' on page 25 undefined on input line 734
.


pdfTeX warning (ext4): destination with the same identifier (name{equation.C.87
}) has been already used, duplicate ignored
<to be read again> 
                   \relax 
l.738 \begin{equation}
                      
pdfTeX warning (ext4): destination with the same identifier (name{equation.C.87
}) has been already used, duplicate ignored
<to be read again> 
                   \relax 
l.738 \begin{equation}
                      
pdfTeX warning (ext4): destination with the same identifier (name{equation.C.87
}) has been already used, duplicate ignored
<to be read again> 
                   \relax 
l.738 \begin{equation}
                      
pdfTeX warning (ext4): destination with the same identifier (name{equation.C.87
}) has been already used, duplicate ignored
<to be read again> 
                   \relax 
l.738 \begin{equation}
                      

LaTeX Warning: Reference `eq:effective_income' on page 25 undefined on input li
ne 740.


LaTeX Warning: Reference `eq:qsrat_eqsM' on page 25 undefined on input line 749
.


LaTeX Warning: Reference `eq:qorat_eqoM' on page 25 undefined on input line 749
.


pdfTeX warning (ext4): destination with the same identifier (name{equation.C.87
}) has been already used, duplicate ignored
<to be read again> 
                   \relax 
l.776 \begin{equation}
                      
pdfTeX warning (ext4): destination with the same identifier (name{equation.C.87
}) has been already used, duplicate ignored
<to be read again> 
                   \relax 
l.776 \begin{equation}
                      
pdfTeX warning (ext4): destination with the same identifier (name{equation.C.87
}) has been already used, duplicate ignored
<to be read again> 
                   \relax 
l.776 \begin{equation}
                      
pdfTeX warning (ext4): destination with the same identifier (name{equation.C.87
}) has been already used, duplicate ignored
<to be read again> 
                   \relax 
l.776 \begin{equation}
                      

LaTeX Warning: Reference `eq:typ_qs_eta_Edot' on page 25 undefined on input lin
e 782.


LaTeX Warning: Reference `eq:Re_dinc_def' on page 25 undefined on input line 82
2.

[25
pdfTeX warning (ext4): destination with the same identifier (name{equation.C.87
}) has been already used, duplicate ignored
<argument> ...shipout:D \box_use:N \l_shipout_box 
                                                  \__shipout_drop_firstpage_...
l.826 \begin{equation}
                      ]

LaTeX Warning: Reference `eq:typ_qs_eta_Edot' on page 26 undefined on input lin
e 836.


LaTeX Warning: Reference `eq:Sdot' on page 26 undefined on input line 845.


LaTeX Warning: Reference `eq:qsrat_eqsM' on page 26 undefined on input line 846
.


LaTeX Warning: Reference `eq:q_s_solution' on page 26 undefined on input line 8
65.


LaTeX Warning: Reference `eq:Re_dinc' on page 26 undefined on input line 871.


LaTeX Warning: Reference `eq:Re_iinc_def' on page 26 undefined on input line 88
9.

[26
pdfTeX warning (ext4): destination with the same identifier (name{equation.C.91
}) has been already used, duplicate ignored
<argument> ...shipout:D \box_use:N \l_shipout_box 
                                                  \__shipout_drop_firstpage_...
l.895 \end{equation}
                    
pdfTeX warning (ext4): destination with the same identifier (name{equation.C.96
}) has been already used, duplicate ignored
<argument> ...shipout:D \box_use:N \l_shipout_box 
                                                  \__shipout_drop_firstpage_...
l.895 \end{equation}
                    ]

LaTeX Warning: Reference `eq:qorat_eqoM' on page 27 undefined on input line 910
.


LaTeX Warning: Reference `eq:Sdot' on page 27 undefined on input line 912.


LaTeX Warning: Reference `eq:C_o_solution' on page 27 undefined on input line 9
29.


LaTeX Warning: Reference `eq:Re_iinc' on page 27 undefined on input line 937.


Package hyperref Warning: Token not allowed in a PDF string (Unicode):
(hyperref)                removing `\inlinebox' on input line 944.


LaTeX Warning: Reference `eq:Re_macro_def' on page 27 undefined on input line 9
48.


LaTeX Warning: Reference `eq:Re_dsub_def' on page 27 undefined on input line 96
0.


LaTeX Warning: Reference `eq:Re_isub_def' on page 27 undefined on input line 96
0.

[27
pdfTeX warning (ext4): destination with the same identifier (name{equation.C.96
}) has been already used, duplicate ignored
<argument> ...shipout:D \box_use:N \l_shipout_box 
                                                  \__shipout_drop_firstpage_...
l.975 \end{equation}
                    
pdfTeX warning (ext4): destination with the same identifier (name{equation.C.10
1}) has been already used, duplicate ignored
<argument> ...shipout:D \box_use:N \l_shipout_box 
                                                  \__shipout_drop_firstpage_...
l.975 \end{equation}
                    ]

LaTeX Warning: Reference `eq:Re_macro' on page 28 undefined on input line 981.


LaTeX Warning: Reference `eq:Re_macro' on page 28 undefined on input line 1004.



LaTeX Warning: Reference `eq:Re_macro' on page 28 undefined on input line 1006.



LaTeX Warning: Reference `eq:Re_tot' on page 28 undefined on input line 1021.


LaTeX Warning: Reference `eq:Re_tot' on page 28 undefined on input line 1021.


LaTeX Warning: Reference `eq:Re_tot' on page 28 undefined on input line 1023.


LaTeX Warning: Reference `eq:Re_emb' on page 28 undefined on input line 1027.


LaTeX Warning: Reference `eq:Re_md' on page 28 undefined on input line 1031.


LaTeX Warning: Reference `eq:Re_dsub_CES' on page 28 undefined on input line 10
33.


LaTeX Warning: Reference `eq:Re_isub_CES' on page 28 undefined on input line 10
35.


LaTeX Warning: Reference `eq:Re_dinc' on page 28 undefined on input line 1037.


LaTeX Warning: Reference `eq:Re_iinc' on page 28 undefined on input line 1039.

) [28
pdfTeX warning (ext4): destination with the same identifier (name{equation.C.10
4}) has been already used, duplicate ignored
<argument> ...shipout:D \box_use:N \l_shipout_box 
                                                  \__shipout_drop_firstpage_...
l.303 
      ] (./pieces/proof_income_elasticities.tex

LaTeX Warning: Reference `eq:qsrat_eqsM' on page 29 undefined on input line 26.



LaTeX Warning: Reference `eq:qorat_eqoM' on page 29 undefined on input line 33.



LaTeX Warning: Reference `eq:effective_income' on page 29 undefined on input li
ne 39.


LaTeX Warning: Reference `eq:qsrat_eqsM' on page 29 undefined on input line 42.



LaTeX Warning: Reference `eq:qorat_eqoM' on page 29 undefined on input line 42.



LaTeX Warning: Reference `eq:qsrat_eqsM' on page 29 undefined on input line 48.



LaTeX Warning: Reference `eq:ps_pE_eta' on page 29 undefined on input line 50.


LaTeX Warning: Reference `eq:qorat_eqoM' on page 29 undefined on input line 52.


[29
pdfTeX warning (ext4): destination with the same identifier (name{equation.E.10
7}) has been already used, duplicate ignored
<argument> ...shipout:D \box_use:N \l_shipout_box 
                                                  \__shipout_drop_firstpage_...
l.74 
     
pdfTeX warning (ext4): destination with the same identifier (name{equation.E.10
7}) has been already used, duplicate ignored
<argument> ...shipout:D \box_use:N \l_shipout_box 
                                                  \__shipout_drop_firstpage_...
l.74 
     
pdfTeX warning (ext4): destination with the same identifier (name{equation.E.10
7}) has been already used, duplicate ignored
<argument> ...shipout:D \box_use:N \l_shipout_box 
                                                  \__shipout_drop_firstpage_...
l.74 
     
pdfTeX warning (ext4): destination with the same identifier (name{equation.E.10
7}) has been already used, duplicate ignored
<argument> ...shipout:D \box_use:N \l_shipout_box 
                                                  \__shipout_drop_firstpage_...
l.74 
     ]

LaTeX Warning: Reference `eq:effective_income' on page 30 undefined on input li
ne 105.


LaTeX Warning: Reference `eq:qsrat_eqsM' on page 30 undefined on input line 134
.


LaTeX Warning: Reference `eq:qorat_eqoM' on page 30 undefined on input line 134
.

)

Package hyperref Warning: Token not allowed in a PDF string (Unicode):
(hyperref)                removing `math shift' on input line 326.


Package hyperref Warning: Token not allowed in a PDF string (Unicode):
(hyperref)                removing `subscript' on input line 326.


Package hyperref Warning: Token not allowed in a PDF string (Unicode):
(hyperref)                removing `math shift' on input line 326.

(./pieces/other_goods_expenditures.tex [30]) [31]

LaTeX Warning: Reference `eq:mpc_and_k_converged' on page 32 undefined on input
 line 388.


LaTeX Warning: Reference `sec:macro_effect_main_paper' on page 32 undefined on 
input line 390.


LaTeX Warning: Reference `sec:calibrating_k' on page 32 undefined on input line
 392.

<figure/k_vs_mpc-1.pdf, id=610, 433.62pt x 289.08pt>
File: figure/k_vs_mpc-1.pdf Graphic file (type pdf)
<use figure/k_vs_mpc-1.pdf>
Package pdftex.def Info: figure/k_vs_mpc-1.pdf  used on input line 398.
(pdftex.def)             Requested size: 433.61894pt x 289.09251pt.

LaTeX Warning: Reference `eq:mpc_and_k_converged' on page 32 undefined on input
 line 398.


LaTeX Warning: Reference `eq:mpc_and_k_converged' on page 32 undefined on input
 line 398.

[32] [33 <./figure/k_vs_mpc-1.pdf>] (./HSB_results.aux)

LaTeX Warning: There were undefined references.

Package rerunfilecheck Info: File `HSB_results.out' has not changed.
(rerunfilecheck)             Checksum: 64EB9F7BF9C4D5D1C4266FD44A80AAFC;5903.
 ) 
Here is how much of TeX's memory you used:
 31559 strings out of 474971
 634092 string characters out of 5776123
 1002353 words of memory out of 5000000
 52215 multiletter control sequences out of 15000+600000
 485698 words of font info for 91 fonts, out of 8000000 for 9000
 1141 hyphenation exceptions out of 8191
 90i,20n,99p,539b,721s stack positions out of 10000i,1000n,20000p,200000b,200000s
{/usr/local/texlive/2022/texmf-dist/fonts/enc/dvips/cm-super/cm-super-ts1.enc
}</usr/local/texlive/2022/texmf-dist/fonts/type1/public/amsfonts/cm/cmbx10.pfb>
</usr/local/texlive/2022/texmf-dist/fonts/type1/public/amsfonts/cm/cmbx12.pfb><
/usr/local/texlive/2022/texmf-dist/fonts/type1/public/amsfonts/cm/cmex10.pfb></
usr/local/texlive/2022/texmf-dist/fonts/type1/public/amsfonts/cm/cmmi10.pfb></u
sr/local/texlive/2022/texmf-dist/fonts/type1/public/amsfonts/cm/cmmi12.pfb></us
r/local/texlive/2022/texmf-dist/fonts/type1/public/amsfonts/cm/cmmi5.pfb></usr/
local/texlive/2022/texmf-dist/fonts/type1/public/amsfonts/cm/cmmi6.pfb></usr/lo
cal/texlive/2022/texmf-dist/fonts/type1/public/amsfonts/cm/cmmi7.pfb></usr/loca
l/texlive/2022/texmf-dist/fonts/type1/public/amsfonts/cm/cmmi8.pfb></usr/local/
texlive/2022/texmf-dist/fonts/type1/public/amsfonts/cm/cmr10.pfb></usr/local/te
xlive/2022/texmf-dist/fonts/type1/public/amsfonts/cm/cmr12.pfb></usr/local/texl
ive/2022/texmf-dist/fonts/type1/public/amsfonts/cm/cmr17.pfb></usr/local/texliv
e/2022/texmf-dist/fonts/type1/public/amsfonts/cm/cmr6.pfb></usr/local/texlive/2
022/texmf-dist/fonts/type1/public/amsfonts/cm/cmr7.pfb></usr/local/texlive/2022
/texmf-dist/fonts/type1/public/amsfonts/cm/cmr8.pfb></usr/local/texlive/2022/te
xmf-dist/fonts/type1/public/amsfonts/cm/cmsy10.pfb></usr/local/texlive/2022/tex
mf-dist/fonts/type1/public/amsfonts/cm/cmsy5.pfb></usr/local/texlive/2022/texmf
-dist/fonts/type1/public/amsfonts/cm/cmsy6.pfb></usr/local/texlive/2022/texmf-d
ist/fonts/type1/public/amsfonts/cm/cmsy7.pfb></usr/local/texlive/2022/texmf-dis
t/fonts/type1/public/amsfonts/cm/cmsy8.pfb></usr/local/texlive/2022/texmf-dist/
fonts/type1/public/amsfonts/cm/cmti10.pfb></usr/local/texlive/2022/texmf-dist/f
onts/type1/public/amsfonts/cm/cmti12.pfb></usr/local/texlive/2022/texmf-dist/fo
nts/type1/public/amsfonts/cm/cmtt10.pfb></usr/local/texlive/2022/texmf-dist/fon
ts/type1/public/amsfonts/cm/cmtt12.pfb></usr/local/texlive/2022/texmf-dist/font
s/type1/public/amsfonts/cm/cmtt8.pfb></usr/local/texlive/2022/texmf-dist/fonts/
type1/public/amsfonts/latxfont/line10.pfb></usr/local/texlive/2022/texmf-dist/f
onts/type1/public/amsfonts/symbols/msam10.pfb></usr/local/texlive/2022/texmf-di
st/fonts/type1/public/cm-super/sfrm1200.pfb>
Output written on HSB_results.pdf (33 pages, 445898 bytes).
PDF statistics:
 805 PDF objects out of 1000 (max. 8388607)
 679 compressed objects within 7 object streams
 264 named destinations out of 1000 (max. 500000)
 378 words of extra memory for PDF output out of 10000 (max. 10000000)

